2023-09-28 19:06:13.401 [info] Extension host with pid 13414 started
2023-09-28 19:06:13.535 [info] ExtensionService#_doActivateExtension vscode.emmet, startup: false, activationEvent: 'onLanguage'
2023-09-28 19:06:13.658 [info] ExtensionService#_doActivateExtension vscode.git-base, startup: true, activationEvent: '*', root cause: vscode.git
2023-09-28 19:06:13.695 [info] ExtensionService#_doActivateExtension vscode.git, startup: true, activationEvent: '*'
2023-09-28 19:06:14.017 [info] ExtensionService#_doActivateExtension vscode.github, startup: true, activationEvent: '*'
2023-09-28 19:06:14.156 [info] Eager extensions activated
2023-09-28 19:06:14.193 [info] ExtensionService#_doActivateExtension vscode.debug-auto-launch, startup: false, activationEvent: 'onStartupFinished'
2023-09-28 19:06:14.198 [info] ExtensionService#_doActivateExtension vscode.merge-conflict, startup: false, activationEvent: 'onStartupFinished'
2023-09-28 19:08:02.175 [info] Extension host terminating: renderer closed the MessagePort
2023-09-28 19:08:02.179 [info] Extension host with pid 13414 exiting with code 0
2023-09-28 19:08:03.396 [info] Extension host with pid 14945 started
2023-09-28 19:08:03.396 [info] Skipping acquiring lock for /home/silas/.config/Code - OSS/User/workspaceStorage/1758b656fe4a23da88a04c05ffa26812.
2023-09-28 19:08:03.470 [info] ExtensionService#_doActivateExtension vscode.git-base, startup: true, activationEvent: '*'
2023-09-28 19:08:03.491 [info] ExtensionService#_doActivateExtension vscode.github, startup: true, activationEvent: '*'
2023-09-28 19:08:03.501 [info] Eager extensions activated
2023-09-28 19:08:03.566 [info] ExtensionService#_doActivateExtension vscode.debug-auto-launch, startup: false, activationEvent: 'onStartupFinished'
2023-09-28 19:08:03.568 [info] ExtensionService#_doActivateExtension vscode.merge-conflict, startup: false, activationEvent: 'onStartupFinished'
2023-09-28 19:08:06.415 [info] ExtensionService#_doActivateExtension vscode.git, startup: false, activationEvent: 'api', root cause: vscode.github
2023-09-28 19:08:07.437 [info] ExtensionService#_doActivateExtension vscode.emmet, startup: false, activationEvent: 'onLanguage'
2023-09-28 19:09:04.497 [info] Extension host terminating: renderer closed the MessagePort
2023-09-28 19:09:04.502 [info] Extension host with pid 14945 exiting with code 0
